Determining if the pthread_create exist failed with the following output:
Change Dir: /home/cen/VideoTest/实时监控摄像头/trunk/real-time_video2/build/CMakeFiles/CMakeTmp

Run Build Command:"/usr/bin/make" "cmTC_8c2f0/fast"
/usr/bin/make -f CMakeFiles/cmTC_8c2f0.dir/build.make CMakeFiles/cmTC_8c2f0.dir/build
make[1]: Entering directory '/home/cen/VideoTest/实时监控摄像头/trunk/real-time_video2/build/CMakeFiles/CMakeTmp'
Building C object CMakeFiles/cmTC_8c2f0.dir/CheckSymbolExists.c.o
/usr/bin/cc     -o CMakeFiles/cmTC_8c2f0.dir/CheckSymbolExists.c.o   -c /home/cen/VideoTest/实时监控摄像头/trunk/real-time_video2/build/CMakeFiles/CMakeTmp/CheckSymbolExists.c
Linking C executable cmTC_8c2f0
/usr/bin/cmake -E cmake_link_script CMakeFiles/cmTC_8c2f0.dir/link.txt --verbose=1
/usr/bin/cc       CMakeFiles/cmTC_8c2f0.dir/CheckSymbolExists.c.o  -o cmTC_8c2f0 -rdynamic 
CMakeFiles/cmTC_8c2f0.dir/CheckSymbolExists.c.o：在函数‘main’中：
CheckSymbolExists.c:(.text+0x16)：对‘pthread_create’未定义的引用
collect2: error: ld returned 1 exit status
CMakeFiles/cmTC_8c2f0.dir/build.make:97: recipe for target 'cmTC_8c2f0' failed
make[1]: *** [cmTC_8c2f0] Error 1
make[1]: Leaving directory '/home/cen/VideoTest/实时监控摄像头/trunk/real-time_video2/build/CMakeFiles/CMakeTmp'
Makefile:126: recipe for target 'cmTC_8c2f0/fast' failed
make: *** [cmTC_8c2f0/fast] Error 2

File /home/cen/VideoTest/实时监控摄像头/trunk/real-time_video2/build/CMakeFiles/CMakeTmp/CheckSymbolExists.c:
/* */
#include <pthread.h>

int main(int argc, char** argv)
{
  (void)argv;
#ifndef pthread_create
  return ((int*)(&pthread_create))[argc];
#else
  (void)argc;
  return 0;
#endif
}

Determining if the function pthread_create exists in the pthreads failed with the following output:
Change Dir: /home/cen/VideoTest/实时监控摄像头/trunk/real-time_video2/build/CMakeFiles/CMakeTmp

Run Build Command:"/usr/bin/make" "cmTC_d13dd/fast"
/usr/bin/make -f CMakeFiles/cmTC_d13dd.dir/build.make CMakeFiles/cmTC_d13dd.dir/build
make[1]: Entering directory '/home/cen/VideoTest/实时监控摄像头/trunk/real-time_video2/build/CMakeFiles/CMakeTmp'
Building C object CMakeFiles/cmTC_d13dd.dir/CheckFunctionExists.c.o
/usr/bin/cc    -DCHECK_FUNCTION_EXISTS=pthread_create   -o CMakeFiles/cmTC_d13dd.dir/CheckFunctionExists.c.o   -c /usr/share/cmake-3.5/Modules/CheckFunctionExists.c
Linking C executable cmTC_d13dd
/usr/bin/cmake -E cmake_link_script CMakeFiles/cmTC_d13dd.dir/link.txt --verbose=1
/usr/bin/cc   -DCHECK_FUNCTION_EXISTS=pthread_create    CMakeFiles/cmTC_d13dd.dir/CheckFunctionExists.c.o  -o cmTC_d13dd -rdynamic -lpthreads 
/usr/bin/ld: 找不到 -lpthreads
collect2: error: ld returned 1 exit status
CMakeFiles/cmTC_d13dd.dir/build.make:97: recipe for target 'cmTC_d13dd' failed
make[1]: *** [cmTC_d13dd] Error 1
make[1]: Leaving directory '/home/cen/VideoTest/实时监控摄像头/trunk/real-time_video2/build/CMakeFiles/CMakeTmp'
Makefile:126: recipe for target 'cmTC_d13dd/fast' failed
make: *** [cmTC_d13dd/fast] Error 2


